<?xml version="1.0" encoding="UTF-8"?>
<!-- Generated by org.testng.reporters.JUnitReportReporter -->
<testsuite hostname="DESKTOP-RQUKL1R" failures="0" tests="1" name="uk.co.automationstesting.AddRemoveItemBasketTest" time="11.501" errors="0" timestamp="2022-11-04T14:28:10 CET" skipped="0">
  <testcase classname="uk.co.automationstesting.AddRemoveItemBasketTest" name="AddRemoveItem" time="11.501"/>
  <system-out/>
</testsuite> <!-- uk.co.automationstesting.AddRemoveItemBasketTest -->
